[debug] [2021-10-14T11:56:08.563Z] ----------------------------------------------------------------------
[debug] [2021-10-14T11:56:08.566Z] Command:       /home/krapjost/.nvm/versions/node/v16.11.0/bin/node /usr/local/bin/firebase deploy --only hosting
[debug] [2021-10-14T11:56:08.567Z] CLI Version:   9.19.0
[debug] [2021-10-14T11:56:08.567Z] Platform:      linux
[debug] [2021-10-14T11:56:08.567Z] Node Version:  v16.11.0
[debug] [2021-10-14T11:56:08.569Z] Time:          Thu Oct 14 2021 20:56:08 GMT+0900 (Korean Standard Time)
[debug] [2021-10-14T11:56:08.570Z] ----------------------------------------------------------------------
[debug] 
[debug] [2021-10-14T11:56:08.574Z] >>> [apiv2][query] GET https://firebase-public.firebaseio.com/cli.json [none]
[debug] [2021-10-14T11:56:08.698Z] > command requires scopes: ["email","openid","https://www.googleapis.com/auth/cloudplatformprojects.readonly","https://www.googleapis.com/auth/firebase","https://www.googleapis.com/auth/cloud-platform"]
[debug] [2021-10-14T11:56:08.699Z] > authorizing via signed-in user (krapjost@gmail.com)
[debug] [2021-10-14T11:56:08.699Z] [iam] checking project munui-8ad6b for permissions ["firebase.projects.get","firebasehosting.sites.update"]
[debug] [2021-10-14T11:56:08.702Z] > refreshing access token with scopes: ["email","https://www.googleapis.com/auth/cloud-platform","https://www.googleapis.com/auth/cloudplatformprojects.readonly","https://www.googleapis.com/auth/firebase","openid"]
[debug] [2021-10-14T11:56:08.702Z] >>> HTTP REQUEST POST https://www.googleapis.com/oauth2/v3/token  
 <request body omitted>
[debug] [2021-10-14T11:56:09.043Z] <<< HTTP RESPONSE 200 {"cache-control":"no-cache, no-store, max-age=0, must-revalidate","expires":"Mon, 01 Jan 1990 00:00:00 GMT","date":"Thu, 14 Oct 2021 11:56:08 GMT","pragma":"no-cache","content-type":"application/json; charset=utf-8","vary":"X-Origin, Referer, Origin,Accept-Encoding","server":"scaffolding on HTTPServer2","x-xss-protection":"0","x-frame-options":"SAMEORIGIN","x-content-type-options":"nosniff","alt-svc":"h3=\":443\"; ma=2592000,h3-29=\":443\"; ma=2592000,h3-T051=\":443\"; ma=2592000,h3-Q050=\":443\"; ma=2592000,h3-Q046=\":443\"; ma=2592000,h3-Q043=\":443\"; ma=2592000,quic=\":443\"; ma=2592000; v=\"46,43\"","accept-ranges":"none","transfer-encoding":"chunked"}
[debug] [2021-10-14T11:56:09.069Z] >>> HTTP REQUEST POST https://cloudresourcemanager.googleapis.com/v1/projects/munui-8ad6b:testIamPermissions  
 {"permissions":["firebase.projects.get","firebasehosting.sites.update"]}
[debug] [2021-10-14T11:56:09.374Z] <<< [apiv2][status] GET https://firebase-public.firebaseio.com/cli.json 200
[debug] [2021-10-14T11:56:09.374Z] <<< [apiv2][body] GET https://firebase-public.firebaseio.com/cli.json {"cloudBuildErrorAfter":1594252800000,"cloudBuildWarnAfter":1590019200000,"defaultNode10After":1594252800000,"minVersion":"3.0.5","node8DeploysDisabledAfter":1613390400000,"node8RuntimeDisabledAfter":1615809600000,"node8WarnAfter":1600128000000}
[debug] [2021-10-14T11:56:09.985Z] <<< HTTP RESPONSE 200 {"content-type":"application/json; charset=UTF-8","vary":"X-Origin, Referer, Origin,Accept-Encoding","date":"Thu, 14 Oct 2021 11:56:09 GMT","server":"ESF","cache-control":"private","x-xss-protection":"0","x-frame-options":"SAMEORIGIN","x-content-type-options":"nosniff","server-timing":"gfet4t7; dur=606","alt-svc":"h3=\":443\"; ma=2592000,h3-29=\":443\"; ma=2592000,h3-T051=\":443\"; ma=2592000,h3-Q050=\":443\"; ma=2592000,h3-Q046=\":443\"; ma=2592000,h3-Q043=\":443\"; ma=2592000,quic=\":443\"; ma=2592000; v=\"46,43\"","accept-ranges":"none","transfer-encoding":"chunked"}
[debug] [2021-10-14T11:56:09.987Z] > refreshing access token with scopes: []
[debug] [2021-10-14T11:56:09.988Z] >>> HTTP REQUEST POST https://www.googleapis.com/oauth2/v3/token  
 <request body omitted>
[debug] [2021-10-14T11:56:10.193Z] <<< HTTP RESPONSE 200 {"pragma":"no-cache","cache-control":"no-cache, no-store, max-age=0, must-revalidate","expires":"Mon, 01 Jan 1990 00:00:00 GMT","date":"Thu, 14 Oct 2021 11:56:10 GMT","content-type":"application/json; charset=utf-8","vary":"X-Origin, Referer, Origin,Accept-Encoding","server":"scaffolding on HTTPServer2","x-xss-protection":"0","x-frame-options":"SAMEORIGIN","x-content-type-options":"nosniff","alt-svc":"h3=\":443\"; ma=2592000,h3-29=\":443\"; ma=2592000,h3-T051=\":443\"; ma=2592000,h3-Q050=\":443\"; ma=2592000,h3-Q046=\":443\"; ma=2592000,h3-Q043=\":443\"; ma=2592000,quic=\":443\"; ma=2592000; v=\"46,43\"","accept-ranges":"none","transfer-encoding":"chunked"}
[debug] [2021-10-14T11:56:10.213Z] >>> [apiv2][query] GET https://firebase.googleapis.com/v1beta1/projects/munui-8ad6b [none]
[debug] [2021-10-14T11:56:10.996Z] <<< [apiv2][status] GET https://firebase.googleapis.com/v1beta1/projects/munui-8ad6b 200
[debug] [2021-10-14T11:56:10.996Z] <<< [apiv2][body] GET https://firebase.googleapis.com/v1beta1/projects/munui-8ad6b {"projectId":"munui-8ad6b","projectNumber":"380050158756","displayName":"munui","name":"projects/munui-8ad6b","resources":{"hostingSite":"munui-8ad6b","storageBucket":"munui-8ad6b.appspot.com","locationId":"europe-west"},"state":"ACTIVE"}
[info] 
[info] === Deploying to 'munui-8ad6b'...
[info] 
[info] i  deploying hosting 
[debug] [2021-10-14T11:56:11.005Z] > refreshing access token with scopes: ["email","https://www.googleapis.com/auth/cloud-platform","https://www.googleapis.com/auth/cloudplatformprojects.readonly","https://www.googleapis.com/auth/firebase","openid"]
[debug] [2021-10-14T11:56:11.005Z] >>> HTTP REQUEST POST https://www.googleapis.com/oauth2/v3/token  
 <request body omitted>
[debug] [2021-10-14T11:56:11.200Z] <<< HTTP RESPONSE 200 {"date":"Thu, 14 Oct 2021 11:56:11 GMT","pragma":"no-cache","expires":"Mon, 01 Jan 1990 00:00:00 GMT","cache-control":"no-cache, no-store, max-age=0, must-revalidate","content-type":"application/json; charset=utf-8","vary":"X-Origin, Referer, Origin,Accept-Encoding","server":"scaffolding on HTTPServer2","x-xss-protection":"0","x-frame-options":"SAMEORIGIN","x-content-type-options":"nosniff","alt-svc":"h3=\":443\"; ma=2592000,h3-29=\":443\"; ma=2592000,h3-T051=\":443\"; ma=2592000,h3-Q050=\":443\"; ma=2592000,h3-Q046=\":443\"; ma=2592000,h3-Q043=\":443\"; ma=2592000,quic=\":443\"; ma=2592000; v=\"46,43\"","accept-ranges":"none","transfer-encoding":"chunked"}
[debug] [2021-10-14T11:56:11.222Z] >>> HTTP REQUEST POST https://firebasehosting.googleapis.com/v1beta1/sites/munui-8ad6b/versions  
 {"config":{"rewrites":[{"glob":"**","path":"/index.html"}]},"labels":{"deployment-tool":"cli-firebase"}}
